# Logfile created on 2012-11-20 14:09:51 -0500 by logger.rb/31641
I, [2012-11-20T14:17:09.025526 #46944]  INFO -- : post feeds list - Try at: 2012-11-20 14:17:09 -0500 : 1
I, [2012-11-20T14:21:10.754007 #47074]  INFO -- : post feeds list - Try at: 2012-11-20 14:21:10 -0500 : 1
I, [2012-11-20T14:22:15.555903 #47110]  INFO -- : post feeds list - Try at: 2012-11-20 14:22:15 -0500 : 1
I, [2012-11-20T14:24:16.481267 #47167]  INFO -- : {:PATH_INFO=>"/", :QUERY_STRING=>"state=open&tagged=biz&responsible=", :REMOTE_HOST=>"localhost", :REQUEST_URI=>"http://localhost:9393/?state=open&tagged=biz&responsible=", :HTTP_USER_AGENT=>"Mozilla/5.0 (Macintosh; Intel Mac OS X 10_7_4) AppleWebKit/537.11 (KHTML, like Gecko) Chrome/23.0.1271.64 Safari/537.11", :PARAMS=>{"state"=>"open", "tagged"=>"biz", "responsible"=>""}}
I, [2012-11-20T14:24:16.637964 #47167]  INFO -- : Status: 200
I, [2012-11-20T14:24:16.638158 #47167]  INFO -- : []
I, [2012-11-20T14:24:17.387241 #47172]  INFO -- : {:PATH_INFO=>"/tickets.json/open/biz/", :QUERY_STRING=>"", :REMOTE_HOST=>"localhost", :REQUEST_URI=>"http://localhost:9393/tickets.json/open/biz/", :HTTP_USER_AGENT=>"Mozilla/5.0 (Macintosh; Intel Mac OS X 10_7_4) AppleWebKit/537.11 (KHTML, like Gecko) Chrome/23.0.1271.64 Safari/537.11", :PARAMS=>{}}
I, [2012-11-20T14:24:21.605242 #47172]  INFO -- : Status: 200
I, [2012-11-20T14:24:21.605442 #47172]  INFO -- : []
I, [2012-11-20T14:24:29.657488 #47182]  INFO -- : {:PATH_INFO=>"/", :QUERY_STRING=>"state=open&tagged=biz&responsible=", :REMOTE_HOST=>"localhost", :REQUEST_URI=>"http://localhost:9393/?state=open&tagged=biz&responsible=", :HTTP_USER_AGENT=>"Mozilla/5.0 (Macintosh; Intel Mac OS X 10_7_4) AppleWebKit/537.11 (KHTML, like Gecko) Chrome/23.0.1271.64 Safari/537.11", :PARAMS=>{"state"=>"open", "tagged"=>"biz", "responsible"=>""}}
I, [2012-11-20T14:24:29.835078 #47182]  INFO -- : Status: 200
I, [2012-11-20T14:24:29.835255 #47182]  INFO -- : []
I, [2012-11-20T14:24:30.660903 #47187]  INFO -- : {:PATH_INFO=>"/tickets.json/open/biz/", :QUERY_STRING=>"", :REMOTE_HOST=>"localhost", :REQUEST_URI=>"http://localhost:9393/tickets.json/open/biz/", :HTTP_USER_AGENT=>"Mozilla/5.0 (Macintosh; Intel Mac OS X 10_7_4) AppleWebKit/537.11 (KHTML, like Gecko) Chrome/23.0.1271.64 Safari/537.11", :PARAMS=>{}}
I, [2012-11-20T14:24:31.225345 #47187]  INFO -- : Status: 200
I, [2012-11-20T14:24:31.225532 #47187]  INFO -- : []
I, [2012-11-20T14:25:11.920503 #47208]  INFO -- : {:PATH_INFO=>"/tracker/5346", :QUERY_STRING=>"", :REMOTE_HOST=>"localhost", :REQUEST_URI=>"http://localhost:9393/tracker/5346", :HTTP_USER_AGENT=>"Mozilla/5.0 (Macintosh; Intel Mac OS X 10_7_4) AppleWebKit/537.11 (KHTML, like Gecko) Chrome/23.0.1271.64 Safari/537.11", :PARAMS=>{}}
I, [2012-11-20T14:25:13.398221 #47208]  INFO -- : Status: 500
I, [2012-11-20T14:25:13.398486 #47208]  INFO -- : Error: #<NoMethodError: undefined method `each' for nil:NilClass>
==== backtrace  ====
Error: /Users/eben/lighthouse/mygoogleapi.rb:63:in `get_worksheets'
/Users/eben/lighthouse/mygoogleapi.rb:71:in `fix_sheet_urls'
/Users/eben/lighthouse/lighthouse_timeline.rb:63:in `block in <class:LighthouseTimeline>'
/Users/eben/.rvm/gems/ruby-1.9.3-p0@lighthouse/gems/sinatra-1.3.2/lib/sinatra/base.rb:1212:in `call'
/Users/eben/.rvm/gems/ruby-1.9.3-p0@lighthouse/gems/sinatra-1.3.2/lib/sinatra/base.rb:1212:in `block in compile!'
/Users/eben/.rvm/gems/ruby-1.9.3-p0@lighthouse/gems/sinatra-1.3.2/lib/sinatra/base.rb:785:in `[]'
/Users/eben/.rvm/gems/ruby-1.9.3-p0@lighthouse/gems/sinatra-1.3.2/lib/sinatra/base.rb:785:in `block (3 levels) in route!'
/Users/eben/.rvm/gems/ruby-1.9.3-p0@lighthouse/gems/sinatra-1.3.2/lib/sinatra/base.rb:801:in `route_eval'
/Users/eben/.rvm/gems/ruby-1.9.3-p0@lighthouse/gems/sinatra-1.3.2/lib/sinatra/base.rb:785:in `block (2 levels) in route!'
/Users/eben/.rvm/gems/ruby-1.9.3-p0@lighthouse/gems/sinatra-1.3.2/lib/sinatra/base.rb:822:in `block in process_route'
/Users/eben/.rvm/gems/ruby-1.9.3-p0@lighthouse/gems/sinatra-1.3.2/lib/sinatra/base.rb:820:in `catch'
/Users/eben/.rvm/gems/ruby-1.9.3-p0@lighthouse/gems/sinatra-1.3.2/lib/sinatra/base.rb:820:in `process_route'
/Users/eben/.rvm/gems/ruby-1.9.3-p0@lighthouse/gems/sinatra-1.3.2/lib/sinatra/base.rb:784:in `block in route!'
/Users/eben/.rvm/gems/ruby-1.9.3-p0@lighthouse/gems/sinatra-1.3.2/lib/sinatra/base.rb:783:in `each'
/Users/eben/.rvm/gems/ruby-1.9.3-p0@lighthouse/gems/sinatra-1.3.2/lib/sinatra/base.rb:783:in `route!'
/Users/eben/.rvm/gems/ruby-1.9.3-p0@lighthouse/gems/sinatra-1.3.2/lib/sinatra/base.rb:886:in `dispatch!'
/Users/eben/.rvm/gems/ruby-1.9.3-p0@lighthouse/gems/sinatra-1.3.2/lib/sinatra/base.rb:719:in `block in call!'
/Users/eben/.rvm/gems/ruby-1.9.3-p0@lighthouse/gems/sinatra-1.3.2/lib/sinatra/base.rb:871:in `block in invoke'
/Users/eben/.rvm/gems/ruby-1.9.3-p0@lighthouse/gems/sinatra-1.3.2/lib/sinatra/base.rb:871:in `catch'
/Users/eben/.rvm/gems/ruby-1.9.3-p0@lighthouse/gems/sinatra-1.3.2/lib/sinatra/base.rb:871:in `invoke'
/Users/eben/.rvm/gems/ruby-1.9.3-p0@lighthouse/gems/sinatra-1.3.2/lib/sinatra/base.rb:719:in `call!'
/Users/eben/.rvm/gems/ruby-1.9.3-p0@lighthouse/gems/sinatra-1.3.2/lib/sinatra/base.rb:705:in `call'
/Users/eben/.rvm/gems/ruby-1.9.3-p0@lighthouse/gems/rack-protection-1.2.0/lib/rack/protection/xss_header.rb:22:in `call'
/Users/eben/.rvm/gems/ruby-1.9.3-p0@lighthouse/gems/rack-protection-1.2.0/lib/rack/protection/path_traversal.rb:16:in `call'
/Users/eben/.rvm/gems/ruby-1.9.3-p0@lighthouse/gems/rack-protection-1.2.0/lib/rack/protection/json_csrf.rb:17:in `call'
/Users/eben/.rvm/gems/ruby-1.9.3-p0@lighthouse/gems/rack-protection-1.2.0/lib/rack/protection/base.rb:47:in `call'
/Users/eben/.rvm/gems/ruby-1.9.3-p0@lighthouse/gems/rack-protection-1.2.0/lib/rack/protection/xss_header.rb:22:in `call'
/Users/eben/.rvm/gems/ruby-1.9.3-p0@lighthouse/gems/rack-1.4.1/lib/rack/logger.rb:15:in `call'
/Users/eben/.rvm/gems/ruby-1.9.3-p0@lighthouse/gems/rack-1.4.1/lib/rack/head.rb:9:in `call'
/Users/eben/.rvm/gems/ruby-1.9.3-p0@lighthouse/gems/sinatra-1.3.2/lib/sinatra/showexceptions.rb:21:in `call'
/Users/eben/.rvm/gems/ruby-1.9.3-p0@lighthouse/gems/sinatra-1.3.2/lib/sinatra/base.rb:1334:in `block in call'
/Users/eben/.rvm/gems/ruby-1.9.3-p0@lighthouse/gems/sinatra-1.3.2/lib/sinatra/base.rb:1416:in `synchronize'
/Users/eben/.rvm/gems/ruby-1.9.3-p0@lighthouse/gems/sinatra-1.3.2/lib/sinatra/base.rb:1334:in `call'
/Users/eben/.rvm/gems/ruby-1.9.3-p0@lighthouse/gems/rack-1.4.1/lib/rack/lint.rb:48:in `_call'
/Users/eben/.rvm/gems/ruby-1.9.3-p0@lighthouse/gems/rack-1.4.1/lib/rack/lint.rb:36:in `call'
/Users/eben/.rvm/gems/ruby-1.9.3-p0@lighthouse/gems/rack-1.4.1/lib/rack/showexceptions.rb:24:in `call'
/Users/eben/.rvm/gems/ruby-1.9.3-p0@lighthouse/gems/rack-1.4.1/lib/rack/commonlogger.rb:20:in `call'
/Users/eben/.rvm/gems/ruby-1.9.3-p0@lighthouse/gems/shotgun-0.9/lib/shotgun/loader.rb:86:in `proceed_as_child'
/Users/eben/.rvm/gems/ruby-1.9.3-p0@lighthouse/gems/shotgun-0.9/lib/shotgun/loader.rb:31:in `call!'
/Users/eben/.rvm/gems/ruby-1.9.3-p0@lighthouse/gems/shotgun-0.9/lib/shotgun/loader.rb:18:in `call'
/Users/eben/.rvm/gems/ruby-1.9.3-p0@lighthouse/gems/shotgun-0.9/lib/shotgun/favicon.rb:12:in `call'
/Users/eben/.rvm/gems/ruby-1.9.3-p0@lighthouse/gems/shotgun-0.9/lib/shotgun/static.rb:14:in `call'
/Users/eben/.rvm/gems/ruby-1.9.3-p0@lighthouse/gems/rack-1.4.1/lib/rack/builder.rb:134:in `call'
/Users/eben/.rvm/gems/ruby-1.9.3-p0@lighthouse/gems/rack-1.4.1/lib/rack/handler/webrick.rb:59:in `service'
/Users/eben/.rvm/rubies/ruby-1.9.3-p0/lib/ruby/1.9.1/webrick/httpserver.rb:138:in `service'
/Users/eben/.rvm/rubies/ruby-1.9.3-p0/lib/ruby/1.9.1/webrick/httpserver.rb:94:in `run'
/Users/eben/.rvm/rubies/ruby-1.9.3-p0/lib/ruby/1.9.1/webrick/server.rb:191:in `block in start_thread'
==== /backtrace ====
I, [2012-11-20T14:25:13.398641 #47208]  INFO -- : []
I, [2012-11-20T14:28:11.237182 #47285]  INFO -- : {:PATH_INFO=>"/tracker/5346", :QUERY_STRING=>"", :REMOTE_HOST=>"localhost", :REQUEST_URI=>"http://localhost:9393/tracker/5346", :HTTP_USER_AGENT=>"Mozilla/5.0 (Macintosh; Intel Mac OS X 10_7_4) AppleWebKit/537.11 (KHTML, like Gecko) Chrome/23.0.1271.64 Safari/537.11", :PARAMS=>{}}
I, [2012-11-20T14:28:12.553881 #47285]  INFO -- : get worksheet data - Try at: 2012-11-20 14:28:12 -0500 : 1
I, [2012-11-20T14:30:46.612009 #47285]  INFO -- : Status: 500
I, [2012-11-20T14:30:46.612337 #47285]  INFO -- : Error: #<NameError: undefined local variable or method `worksheet_response' for #<MyGoogleAPI:0x00000102253d68>>
==== backtrace  ====
Error: /Users/eben/lighthouse/mygoogleapi.rb:66:in `get_worksheets'
/Users/eben/lighthouse/mygoogleapi.rb:76:in `fix_sheet_urls'
/Users/eben/lighthouse/lighthouse_timeline.rb:63:in `block in <class:LighthouseTimeline>'
/Users/eben/.rvm/gems/ruby-1.9.3-p0@lighthouse/gems/sinatra-1.3.2/lib/sinatra/base.rb:1212:in `call'
/Users/eben/.rvm/gems/ruby-1.9.3-p0@lighthouse/gems/sinatra-1.3.2/lib/sinatra/base.rb:1212:in `block in compile!'
/Users/eben/.rvm/gems/ruby-1.9.3-p0@lighthouse/gems/sinatra-1.3.2/lib/sinatra/base.rb:785:in `[]'
/Users/eben/.rvm/gems/ruby-1.9.3-p0@lighthouse/gems/sinatra-1.3.2/lib/sinatra/base.rb:785:in `block (3 levels) in route!'
/Users/eben/.rvm/gems/ruby-1.9.3-p0@lighthouse/gems/sinatra-1.3.2/lib/sinatra/base.rb:801:in `route_eval'
/Users/eben/.rvm/gems/ruby-1.9.3-p0@lighthouse/gems/sinatra-1.3.2/lib/sinatra/base.rb:785:in `block (2 levels) in route!'
/Users/eben/.rvm/gems/ruby-1.9.3-p0@lighthouse/gems/sinatra-1.3.2/lib/sinatra/base.rb:822:in `block in process_route'
/Users/eben/.rvm/gems/ruby-1.9.3-p0@lighthouse/gems/sinatra-1.3.2/lib/sinatra/base.rb:820:in `catch'
/Users/eben/.rvm/gems/ruby-1.9.3-p0@lighthouse/gems/sinatra-1.3.2/lib/sinatra/base.rb:820:in `process_route'
/Users/eben/.rvm/gems/ruby-1.9.3-p0@lighthouse/gems/sinatra-1.3.2/lib/sinatra/base.rb:784:in `block in route!'
/Users/eben/.rvm/gems/ruby-1.9.3-p0@lighthouse/gems/sinatra-1.3.2/lib/sinatra/base.rb:783:in `each'
/Users/eben/.rvm/gems/ruby-1.9.3-p0@lighthouse/gems/sinatra-1.3.2/lib/sinatra/base.rb:783:in `route!'
/Users/eben/.rvm/gems/ruby-1.9.3-p0@lighthouse/gems/sinatra-1.3.2/lib/sinatra/base.rb:886:in `dispatch!'
/Users/eben/.rvm/gems/ruby-1.9.3-p0@lighthouse/gems/sinatra-1.3.2/lib/sinatra/base.rb:719:in `block in call!'
/Users/eben/.rvm/gems/ruby-1.9.3-p0@lighthouse/gems/sinatra-1.3.2/lib/sinatra/base.rb:871:in `block in invoke'
/Users/eben/.rvm/gems/ruby-1.9.3-p0@lighthouse/gems/sinatra-1.3.2/lib/sinatra/base.rb:871:in `catch'
/Users/eben/.rvm/gems/ruby-1.9.3-p0@lighthouse/gems/sinatra-1.3.2/lib/sinatra/base.rb:871:in `invoke'
/Users/eben/.rvm/gems/ruby-1.9.3-p0@lighthouse/gems/sinatra-1.3.2/lib/sinatra/base.rb:719:in `call!'
/Users/eben/.rvm/gems/ruby-1.9.3-p0@lighthouse/gems/sinatra-1.3.2/lib/sinatra/base.rb:705:in `call'
/Users/eben/.rvm/gems/ruby-1.9.3-p0@lighthouse/gems/rack-protection-1.2.0/lib/rack/protection/xss_header.rb:22:in `call'
/Users/eben/.rvm/gems/ruby-1.9.3-p0@lighthouse/gems/rack-protection-1.2.0/lib/rack/protection/path_traversal.rb:16:in `call'
/Users/eben/.rvm/gems/ruby-1.9.3-p0@lighthouse/gems/rack-protection-1.2.0/lib/rack/protection/json_csrf.rb:17:in `call'
/Users/eben/.rvm/gems/ruby-1.9.3-p0@lighthouse/gems/rack-protection-1.2.0/lib/rack/protection/base.rb:47:in `call'
/Users/eben/.rvm/gems/ruby-1.9.3-p0@lighthouse/gems/rack-protection-1.2.0/lib/rack/protection/xss_header.rb:22:in `call'
/Users/eben/.rvm/gems/ruby-1.9.3-p0@lighthouse/gems/rack-1.4.1/lib/rack/logger.rb:15:in `call'
/Users/eben/.rvm/gems/ruby-1.9.3-p0@lighthouse/gems/rack-1.4.1/lib/rack/head.rb:9:in `call'
/Users/eben/.rvm/gems/ruby-1.9.3-p0@lighthouse/gems/sinatra-1.3.2/lib/sinatra/showexceptions.rb:21:in `call'
/Users/eben/.rvm/gems/ruby-1.9.3-p0@lighthouse/gems/sinatra-1.3.2/lib/sinatra/base.rb:1334:in `block in call'
/Users/eben/.rvm/gems/ruby-1.9.3-p0@lighthouse/gems/sinatra-1.3.2/lib/sinatra/base.rb:1416:in `synchronize'
/Users/eben/.rvm/gems/ruby-1.9.3-p0@lighthouse/gems/sinatra-1.3.2/lib/sinatra/base.rb:1334:in `call'
/Users/eben/.rvm/gems/ruby-1.9.3-p0@lighthouse/gems/rack-1.4.1/lib/rack/lint.rb:48:in `_call'
/Users/eben/.rvm/gems/ruby-1.9.3-p0@lighthouse/gems/rack-1.4.1/lib/rack/lint.rb:36:in `call'
/Users/eben/.rvm/gems/ruby-1.9.3-p0@lighthouse/gems/rack-1.4.1/lib/rack/showexceptions.rb:24:in `call'
/Users/eben/.rvm/gems/ruby-1.9.3-p0@lighthouse/gems/rack-1.4.1/lib/rack/commonlogger.rb:20:in `call'
/Users/eben/.rvm/gems/ruby-1.9.3-p0@lighthouse/gems/shotgun-0.9/lib/shotgun/loader.rb:86:in `proceed_as_child'
/Users/eben/.rvm/gems/ruby-1.9.3-p0@lighthouse/gems/shotgun-0.9/lib/shotgun/loader.rb:31:in `call!'
/Users/eben/.rvm/gems/ruby-1.9.3-p0@lighthouse/gems/shotgun-0.9/lib/shotgun/loader.rb:18:in `call'
/Users/eben/.rvm/gems/ruby-1.9.3-p0@lighthouse/gems/shotgun-0.9/lib/shotgun/favicon.rb:12:in `call'
/Users/eben/.rvm/gems/ruby-1.9.3-p0@lighthouse/gems/shotgun-0.9/lib/shotgun/static.rb:14:in `call'
/Users/eben/.rvm/gems/ruby-1.9.3-p0@lighthouse/gems/rack-1.4.1/lib/rack/builder.rb:134:in `call'
/Users/eben/.rvm/gems/ruby-1.9.3-p0@lighthouse/gems/rack-1.4.1/lib/rack/handler/webrick.rb:59:in `service'
/Users/eben/.rvm/rubies/ruby-1.9.3-p0/lib/ruby/1.9.1/webrick/httpserver.rb:138:in `service'
/Users/eben/.rvm/rubies/ruby-1.9.3-p0/lib/ruby/1.9.1/webrick/httpserver.rb:94:in `run'
/Users/eben/.rvm/rubies/ruby-1.9.3-p0/lib/ruby/1.9.1/webrick/server.rb:191:in `block in start_thread'
==== /backtrace ====
I, [2012-11-20T14:30:46.612457 #47285]  INFO -- : []
I, [2012-11-20T14:32:09.735153 #47445]  INFO -- : {:PATH_INFO=>"/tracker/5346", :QUERY_STRING=>"", :REMOTE_HOST=>"localhost", :REQUEST_URI=>"http://localhost:9393/tracker/5346", :HTTP_USER_AGENT=>"Mozilla/5.0 (Macintosh; Intel Mac OS X 10_7_4) AppleWebKit/537.11 (KHTML, like Gecko) Chrome/23.0.1271.64 Safari/537.11", :PARAMS=>{}}
I, [2012-11-20T14:32:10.916832 #47445]  INFO -- : get worksheet data - Try at: 2012-11-20 14:32:10 -0500 : 1
I, [2012-11-20T14:32:13.348257 #47445]  INFO -- : post feeds list - Try at: 2012-11-20 14:32:13 -0500 : 1
I, [2012-11-20T14:32:13.772549 #47445]  INFO -- : Status: 200
I, [2012-11-20T14:32:13.772738 #47445]  INFO -- : []
I, [2012-11-20T14:33:33.917782 #47480]  INFO -- : {:PATH_INFO=>"/", :QUERY_STRING=>"state=open&tagged=biz&responsible=", :REMOTE_HOST=>"localhost", :REQUEST_URI=>"http://localhost:9393/?state=open&tagged=biz&responsible=", :HTTP_USER_AGENT=>"Mozilla/5.0 (Macintosh; Intel Mac OS X 10_7_4) AppleWebKit/537.11 (KHTML, like Gecko) Chrome/23.0.1271.64 Safari/537.11", :PARAMS=>{"state"=>"open", "tagged"=>"biz", "responsible"=>""}}
I, [2012-11-20T14:33:34.087720 #47480]  INFO -- : Status: 200
I, [2012-11-20T14:33:34.087914 #47480]  INFO -- : []
I, [2012-11-20T14:33:34.777178 #47485]  INFO -- : {:PATH_INFO=>"/tickets.json/open/biz/", :QUERY_STRING=>"", :REMOTE_HOST=>"localhost", :REQUEST_URI=>"http://localhost:9393/tickets.json/open/biz/", :HTTP_USER_AGENT=>"Mozilla/5.0 (Macintosh; Intel Mac OS X 10_7_4) AppleWebKit/537.11 (KHTML, like Gecko) Chrome/23.0.1271.64 Safari/537.11", :PARAMS=>{}}
I, [2012-11-20T14:33:35.668185 #47485]  INFO -- : Status: 200
I, [2012-11-20T14:33:35.668375 #47485]  INFO -- : []
I, [2012-11-20T14:33:40.231727 #47491]  INFO -- : {:PATH_INFO=>"/tracker/5346", :QUERY_STRING=>"", :REMOTE_HOST=>"localhost", :REQUEST_URI=>"http://localhost:9393/tracker/5346", :HTTP_USER_AGENT=>"Mozilla/5.0 (Macintosh; Intel Mac OS X 10_7_4) AppleWebKit/537.11 (KHTML, like Gecko) Chrome/23.0.1271.64 Safari/537.11", :PARAMS=>{}}
I, [2012-11-20T14:33:41.588669 #47491]  INFO -- : get worksheet data - Try at: 2012-11-20 14:33:41 -0500 : 1
I, [2012-11-20T14:33:51.415178 #47491]  INFO -- : post feeds list - Try at: 2012-11-20 14:33:51 -0500 : 1
I, [2012-11-20T14:33:51.569314 #47491]  INFO -- : Status: 200
I, [2012-11-20T14:33:51.569544 #47491]  INFO -- : []
I, [2012-11-20T14:36:40.739768 #47562]  INFO -- : {:PATH_INFO=>"/tracker/5346", :QUERY_STRING=>"", :REMOTE_HOST=>"localhost", :REQUEST_URI=>"http://localhost:9393/tracker/5346", :HTTP_USER_AGENT=>"Mozilla/5.0 (Macintosh; Intel Mac OS X 10_7_4) AppleWebKit/537.11 (KHTML, like Gecko) Chrome/23.0.1271.64 Safari/537.11", :PARAMS=>{}}
I, [2012-11-20T14:36:48.455150 #47562]  INFO -- : get worksheet data - Try at: 2012-11-20 14:36:48 -0500 : 1
I, [2012-11-20T14:36:49.383546 #47562]  INFO -- : Status: 200
I, [2012-11-20T14:36:49.383741 #47562]  INFO -- : []
I, [2012-11-20T14:37:40.009550 #47588]  INFO -- : {:PATH_INFO=>"/tracker/5346", :QUERY_STRING=>"", :REMOTE_HOST=>"localhost", :REQUEST_URI=>"http://localhost:9393/tracker/5346", :HTTP_USER_AGENT=>"Mozilla/5.0 (Macintosh; Intel Mac OS X 10_7_4) AppleWebKit/537.11 (KHTML, like Gecko) Chrome/23.0.1271.64 Safari/537.11", :PARAMS=>{}}
I, [2012-11-20T14:37:40.997544 #47588]  INFO -- : get worksheet data - Try at: 2012-11-20 14:37:40 -0500 : 1
I, [2012-11-20T14:37:41.435904 #47588]  INFO -- : Status: 200
I, [2012-11-20T14:37:41.436101 #47588]  INFO -- : []
I, [2012-11-20T14:39:30.760777 #47634]  INFO -- : {:PATH_INFO=>"/", :QUERY_STRING=>"state=open&tagged=biz&responsible=", :REMOTE_HOST=>"localhost", :REQUEST_URI=>"http://localhost:9393/?state=open&tagged=biz&responsible=", :HTTP_USER_AGENT=>"Mozilla/5.0 (Macintosh; Intel Mac OS X 10_7_4) AppleWebKit/537.11 (KHTML, like Gecko) Chrome/23.0.1271.64 Safari/537.11", :PARAMS=>{"state"=>"open", "tagged"=>"biz", "responsible"=>""}}
I, [2012-11-20T14:39:30.932035 #47634]  INFO -- : Status: 200
I, [2012-11-20T14:39:30.932216 #47634]  INFO -- : []
I, [2012-11-20T14:39:31.717413 #47641]  INFO -- : {:PATH_INFO=>"/tickets.json/open/biz/", :QUERY_STRING=>"", :REMOTE_HOST=>"localhost", :REQUEST_URI=>"http://localhost:9393/tickets.json/open/biz/", :HTTP_USER_AGENT=>"Mozilla/5.0 (Macintosh; Intel Mac OS X 10_7_4) AppleWebKit/537.11 (KHTML, like Gecko) Chrome/23.0.1271.64 Safari/537.11", :PARAMS=>{}}
I, [2012-11-20T14:39:32.360166 #47641]  INFO -- : Status: 200
I, [2012-11-20T14:39:32.360357 #47641]  INFO -- : []
I, [2012-11-20T14:39:35.877060 #47646]  INFO -- : {:PATH_INFO=>"/tracker/5346", :QUERY_STRING=>"", :REMOTE_HOST=>"localhost", :REQUEST_URI=>"http://localhost:9393/tracker/5346", :HTTP_USER_AGENT=>"Mozilla/5.0 (Macintosh; Intel Mac OS X 10_7_4) AppleWebKit/537.11 (KHTML, like Gecko) Chrome/23.0.1271.64 Safari/537.11", :PARAMS=>{}}
I, [2012-11-20T14:39:43.308397 #47646]  INFO -- : get worksheet data - Try at: 2012-11-20 14:39:43 -0500 : 1
I, [2012-11-20T14:39:43.761647 #47646]  INFO -- : Status: 200
I, [2012-11-20T14:39:43.761858 #47646]  INFO -- : []
I, [2012-11-20T14:40:05.012491 #47662]  INFO -- : {:PATH_INFO=>"/tracker/5346", :QUERY_STRING=>"", :REMOTE_HOST=>"localhost", :REQUEST_URI=>"http://localhost:9393/tracker/5346", :HTTP_USER_AGENT=>"Mozilla/5.0 (Macintosh; Intel Mac OS X 10_7_4) AppleWebKit/537.11 (KHTML, like Gecko) Chrome/23.0.1271.64 Safari/537.11", :PARAMS=>{}}
I, [2012-11-20T14:40:06.251860 #47662]  INFO -- : get worksheet data - Try at: 2012-11-20 14:40:06 -0500 : 1
I, [2012-11-20T14:40:06.684679 #47662]  INFO -- : Status: 200
I, [2012-11-20T14:40:06.684879 #47662]  INFO -- : []
I, [2012-11-20T14:40:17.235638 #47671]  INFO -- : {:PATH_INFO=>"/tracker/5346", :QUERY_STRING=>"", :REMOTE_HOST=>"localhost", :REQUEST_URI=>"http://localhost:9393/tracker/5346", :HTTP_USER_AGENT=>"Mozilla/5.0 (Macintosh; Intel Mac OS X 10_7_4) AppleWebKit/537.11 (KHTML, like Gecko) Chrome/23.0.1271.64 Safari/537.11", :PARAMS=>{}}
I, [2012-11-20T14:40:18.259971 #47671]  INFO -- : get worksheet data - Try at: 2012-11-20 14:40:18 -0500 : 1
I, [2012-11-20T14:40:18.709575 #47671]  INFO -- : Status: 200
I, [2012-11-20T14:40:18.709832 #47671]  INFO -- : []
I, [2012-11-20T14:40:23.734852 #47679]  INFO -- : {:PATH_INFO=>"/tracker/5346", :QUERY_STRING=>"", :REMOTE_HOST=>"localhost", :REQUEST_URI=>"http://localhost:9393/tracker/5346", :HTTP_USER_AGENT=>"Mozilla/5.0 (Macintosh; Intel Mac OS X 10_7_4) AppleWebKit/537.11 (KHTML, like Gecko) Chrome/23.0.1271.64 Safari/537.11", :PARAMS=>{}}
I, [2012-11-20T14:40:33.075971 #47679]  INFO -- : get worksheet data - Try at: 2012-11-20 14:40:33 -0500 : 1
I, [2012-11-20T14:40:37.198812 #47679]  INFO -- : get worksheet data - Try at: 2012-11-20 14:40:37 -0500 : 2
I, [2012-11-20T14:40:45.322343 #47679]  INFO -- : get worksheet data - Try at: 2012-11-20 14:40:45 -0500 : 3
I, [2012-11-20T14:40:45.414718 #47692]  INFO -- : {:PATH_INFO=>"/tracker/5346", :QUERY_STRING=>"", :REMOTE_HOST=>"localhost", :REQUEST_URI=>"http://localhost:9393/tracker/5346", :HTTP_USER_AGENT=>"Mozilla/5.0 (Macintosh; Intel Mac OS X 10_7_4) AppleWebKit/537.11 (KHTML, like Gecko) Chrome/23.0.1271.64 Safari/537.11", :PARAMS=>{}}
I, [2012-11-20T14:40:46.654466 #47692]  INFO -- : get worksheet data - Try at: 2012-11-20 14:40:46 -0500 : 1
I, [2012-11-20T14:40:47.729625 #47692]  INFO -- : Status: 200
I, [2012-11-20T14:40:47.729810 #47692]  INFO -- : []
I, [2012-11-20T14:40:54.473158 #47700]  INFO -- : {:PATH_INFO=>"/tracker/5346", :QUERY_STRING=>"", :REMOTE_HOST=>"localhost", :REQUEST_URI=>"http://localhost:9393/tracker/5346", :HTTP_USER_AGENT=>"Mozilla/5.0 (Macintosh; Intel Mac OS X 10_7_4) AppleWebKit/537.11 (KHTML, like Gecko) Chrome/23.0.1271.64 Safari/537.11", :PARAMS=>{}}
I, [2012-11-20T14:40:55.518121 #47700]  INFO -- : get worksheet data - Try at: 2012-11-20 14:40:55 -0500 : 1
I, [2012-11-20T14:40:55.925930 #47700]  INFO -- : Status: 200
I, [2012-11-20T14:40:55.926157 #47700]  INFO -- : []
I, [2012-11-20T14:40:57.450966 #47679]  INFO -- : get worksheet data - Try at: 2012-11-20 14:40:57 -0500 : 4
I, [2012-11-20T14:41:13.564755 #47679]  INFO -- : get worksheet data - Try at: 2012-11-20 14:41:13 -0500 : 5
I, [2012-11-20T14:41:33.679827 #47679]  INFO -- : get worksheet data - Try at: 2012-11-20 14:41:33 -0500 : 6
I, [2012-11-20T14:41:33.814664 #47679]  INFO -- : get worksheet data - Retries failed
I, [2012-11-20T14:41:33.816182 #47679]  INFO -- : Status: 500
I, [2012-11-20T14:41:33.816383 #47679]  INFO -- : Error: #<NoMethodError: undefined method `each' for nil:NilClass>
==== backtrace  ====
Error: /Users/eben/lighthouse/mygoogleapi.rb:65:in `block in get_worksheets'
/Users/eben/lighthouse/rescue_wait_retry.rb:17:in `wrap'
/Users/eben/lighthouse/mygoogleapi.rb:61:in `get_worksheets'
/Users/eben/lighthouse/mygoogleapi.rb:74:in `fix_sheet_urls'
/Users/eben/lighthouse/lighthouse_timeline.rb:63:in `block in <class:LighthouseTimeline>'
/Users/eben/.rvm/gems/ruby-1.9.3-p0@lighthouse/gems/sinatra-1.3.2/lib/sinatra/base.rb:1212:in `call'
/Users/eben/.rvm/gems/ruby-1.9.3-p0@lighthouse/gems/sinatra-1.3.2/lib/sinatra/base.rb:1212:in `block in compile!'
/Users/eben/.rvm/gems/ruby-1.9.3-p0@lighthouse/gems/sinatra-1.3.2/lib/sinatra/base.rb:785:in `[]'
/Users/eben/.rvm/gems/ruby-1.9.3-p0@lighthouse/gems/sinatra-1.3.2/lib/sinatra/base.rb:785:in `block (3 levels) in route!'
/Users/eben/.rvm/gems/ruby-1.9.3-p0@lighthouse/gems/sinatra-1.3.2/lib/sinatra/base.rb:801:in `route_eval'
/Users/eben/.rvm/gems/ruby-1.9.3-p0@lighthouse/gems/sinatra-1.3.2/lib/sinatra/base.rb:785:in `block (2 levels) in route!'
/Users/eben/.rvm/gems/ruby-1.9.3-p0@lighthouse/gems/sinatra-1.3.2/lib/sinatra/base.rb:822:in `block in process_route'
/Users/eben/.rvm/gems/ruby-1.9.3-p0@lighthouse/gems/sinatra-1.3.2/lib/sinatra/base.rb:820:in `catch'
/Users/eben/.rvm/gems/ruby-1.9.3-p0@lighthouse/gems/sinatra-1.3.2/lib/sinatra/base.rb:820:in `process_route'
/Users/eben/.rvm/gems/ruby-1.9.3-p0@lighthouse/gems/sinatra-1.3.2/lib/sinatra/base.rb:784:in `block in route!'
/Users/eben/.rvm/gems/ruby-1.9.3-p0@lighthouse/gems/sinatra-1.3.2/lib/sinatra/base.rb:783:in `each'
/Users/eben/.rvm/gems/ruby-1.9.3-p0@lighthouse/gems/sinatra-1.3.2/lib/sinatra/base.rb:783:in `route!'
/Users/eben/.rvm/gems/ruby-1.9.3-p0@lighthouse/gems/sinatra-1.3.2/lib/sinatra/base.rb:886:in `dispatch!'
/Users/eben/.rvm/gems/ruby-1.9.3-p0@lighthouse/gems/sinatra-1.3.2/lib/sinatra/base.rb:719:in `block in call!'
/Users/eben/.rvm/gems/ruby-1.9.3-p0@lighthouse/gems/sinatra-1.3.2/lib/sinatra/base.rb:871:in `block in invoke'
/Users/eben/.rvm/gems/ruby-1.9.3-p0@lighthouse/gems/sinatra-1.3.2/lib/sinatra/base.rb:871:in `catch'
/Users/eben/.rvm/gems/ruby-1.9.3-p0@lighthouse/gems/sinatra-1.3.2/lib/sinatra/base.rb:871:in `invoke'
/Users/eben/.rvm/gems/ruby-1.9.3-p0@lighthouse/gems/sinatra-1.3.2/lib/sinatra/base.rb:719:in `call!'
/Users/eben/.rvm/gems/ruby-1.9.3-p0@lighthouse/gems/sinatra-1.3.2/lib/sinatra/base.rb:705:in `call'
/Users/eben/.rvm/gems/ruby-1.9.3-p0@lighthouse/gems/rack-protection-1.2.0/lib/rack/protection/xss_header.rb:22:in `call'
/Users/eben/.rvm/gems/ruby-1.9.3-p0@lighthouse/gems/rack-protection-1.2.0/lib/rack/protection/path_traversal.rb:16:in `call'
/Users/eben/.rvm/gems/ruby-1.9.3-p0@lighthouse/gems/rack-protection-1.2.0/lib/rack/protection/json_csrf.rb:17:in `call'
/Users/eben/.rvm/gems/ruby-1.9.3-p0@lighthouse/gems/rack-protection-1.2.0/lib/rack/protection/base.rb:47:in `call'
/Users/eben/.rvm/gems/ruby-1.9.3-p0@lighthouse/gems/rack-protection-1.2.0/lib/rack/protection/xss_header.rb:22:in `call'
/Users/eben/.rvm/gems/ruby-1.9.3-p0@lighthouse/gems/rack-1.4.1/lib/rack/logger.rb:15:in `call'
/Users/eben/.rvm/gems/ruby-1.9.3-p0@lighthouse/gems/rack-1.4.1/lib/rack/head.rb:9:in `call'
/Users/eben/.rvm/gems/ruby-1.9.3-p0@lighthouse/gems/sinatra-1.3.2/lib/sinatra/showexceptions.rb:21:in `call'
/Users/eben/.rvm/gems/ruby-1.9.3-p0@lighthouse/gems/sinatra-1.3.2/lib/sinatra/base.rb:1334:in `block in call'
/Users/eben/.rvm/gems/ruby-1.9.3-p0@lighthouse/gems/sinatra-1.3.2/lib/sinatra/base.rb:1416:in `synchronize'
/Users/eben/.rvm/gems/ruby-1.9.3-p0@lighthouse/gems/sinatra-1.3.2/lib/sinatra/base.rb:1334:in `call'
/Users/eben/.rvm/gems/ruby-1.9.3-p0@lighthouse/gems/rack-1.4.1/lib/rack/lint.rb:48:in `_call'
/Users/eben/.rvm/gems/ruby-1.9.3-p0@lighthouse/gems/rack-1.4.1/lib/rack/lint.rb:36:in `call'
/Users/eben/.rvm/gems/ruby-1.9.3-p0@lighthouse/gems/rack-1.4.1/lib/rack/showexceptions.rb:24:in `call'
/Users/eben/.rvm/gems/ruby-1.9.3-p0@lighthouse/gems/rack-1.4.1/lib/rack/commonlogger.rb:20:in `call'
/Users/eben/.rvm/gems/ruby-1.9.3-p0@lighthouse/gems/shotgun-0.9/lib/shotgun/loader.rb:86:in `proceed_as_child'
/Users/eben/.rvm/gems/ruby-1.9.3-p0@lighthouse/gems/shotgun-0.9/lib/shotgun/loader.rb:31:in `call!'
/Users/eben/.rvm/gems/ruby-1.9.3-p0@lighthouse/gems/shotgun-0.9/lib/shotgun/loader.rb:18:in `call'
/Users/eben/.rvm/gems/ruby-1.9.3-p0@lighthouse/gems/shotgun-0.9/lib/shotgun/favicon.rb:12:in `call'
/Users/eben/.rvm/gems/ruby-1.9.3-p0@lighthouse/gems/shotgun-0.9/lib/shotgun/static.rb:14:in `call'
/Users/eben/.rvm/gems/ruby-1.9.3-p0@lighthouse/gems/rack-1.4.1/lib/rack/builder.rb:134:in `call'
/Users/eben/.rvm/gems/ruby-1.9.3-p0@lighthouse/gems/rack-1.4.1/lib/rack/handler/webrick.rb:59:in `service'
/Users/eben/.rvm/rubies/ruby-1.9.3-p0/lib/ruby/1.9.1/webrick/httpserver.rb:138:in `service'
/Users/eben/.rvm/rubies/ruby-1.9.3-p0/lib/ruby/1.9.1/webrick/httpserver.rb:94:in `run'
/Users/eben/.rvm/rubies/ruby-1.9.3-p0/lib/ruby/1.9.1/webrick/server.rb:191:in `block in start_thread'
==== /backtrace ====
I, [2012-11-20T14:41:33.816531 #47679]  INFO -- : []
I, [2012-11-20T14:43:08.838409 #47764]  INFO -- : {:PATH_INFO=>"/tracker/5346", :QUERY_STRING=>"", :REMOTE_HOST=>"localhost", :REQUEST_URI=>"http://localhost:9393/tracker/5346", :HTTP_USER_AGENT=>"Mozilla/5.0 (Macintosh; Intel Mac OS X 10_7_4) AppleWebKit/537.11 (KHTML, like Gecko) Chrome/23.0.1271.64 Safari/537.11", :PARAMS=>{}}
I, [2012-11-20T14:43:09.990114 #47764]  INFO -- : get worksheet data - Try at: 2012-11-20 14:43:09 -0500 : 1
I, [2012-11-20T14:43:15.969443 #47764]  INFO -- : get worksheet data - Try at: 2012-11-20 14:43:15 -0500 : 2
I, [2012-11-20T14:43:24.084142 #47764]  INFO -- : get worksheet data - Try at: 2012-11-20 14:43:24 -0500 : 3
I, [2012-11-20T14:43:36.187694 #47764]  INFO -- : get worksheet data - Try at: 2012-11-20 14:43:36 -0500 : 4
I, [2012-11-20T14:43:52.310746 #47764]  INFO -- : get worksheet data - Try at: 2012-11-20 14:43:52 -0500 : 5
I, [2012-11-20T14:44:13.468606 #47764]  INFO -- : get worksheet data - Try at: 2012-11-20 14:44:13 -0500 : 6
I, [2012-11-20T14:44:13.578232 #47764]  INFO -- : get worksheet data - Retries failed
I, [2012-11-20T14:44:13.579695 #47764]  INFO -- : Status: 500
I, [2012-11-20T14:44:13.579961 #47764]  INFO -- : Error: #<NoMethodError: undefined method `each' for nil:NilClass>
==== backtrace  ====
Error: /Users/eben/lighthouse/mygoogleapi.rb:65:in `block in get_worksheets'
/Users/eben/lighthouse/rescue_wait_retry.rb:17:in `wrap'
/Users/eben/lighthouse/mygoogleapi.rb:61:in `get_worksheets'
/Users/eben/lighthouse/mygoogleapi.rb:74:in `fix_sheet_urls'
/Users/eben/lighthouse/lighthouse_timeline.rb:63:in `block in <class:LighthouseTimeline>'
/Users/eben/.rvm/gems/ruby-1.9.3-p0@lighthouse/gems/sinatra-1.3.2/lib/sinatra/base.rb:1212:in `call'
/Users/eben/.rvm/gems/ruby-1.9.3-p0@lighthouse/gems/sinatra-1.3.2/lib/sinatra/base.rb:1212:in `block in compile!'
/Users/eben/.rvm/gems/ruby-1.9.3-p0@lighthouse/gems/sinatra-1.3.2/lib/sinatra/base.rb:785:in `[]'
/Users/eben/.rvm/gems/ruby-1.9.3-p0@lighthouse/gems/sinatra-1.3.2/lib/sinatra/base.rb:785:in `block (3 levels) in route!'
/Users/eben/.rvm/gems/ruby-1.9.3-p0@lighthouse/gems/sinatra-1.3.2/lib/sinatra/base.rb:801:in `route_eval'
/Users/eben/.rvm/gems/ruby-1.9.3-p0@lighthouse/gems/sinatra-1.3.2/lib/sinatra/base.rb:785:in `block (2 levels) in route!'
/Users/eben/.rvm/gems/ruby-1.9.3-p0@lighthouse/gems/sinatra-1.3.2/lib/sinatra/base.rb:822:in `block in process_route'
/Users/eben/.rvm/gems/ruby-1.9.3-p0@lighthouse/gems/sinatra-1.3.2/lib/sinatra/base.rb:820:in `catch'
/Users/eben/.rvm/gems/ruby-1.9.3-p0@lighthouse/gems/sinatra-1.3.2/lib/sinatra/base.rb:820:in `process_route'
/Users/eben/.rvm/gems/ruby-1.9.3-p0@lighthouse/gems/sinatra-1.3.2/lib/sinatra/base.rb:784:in `block in route!'
/Users/eben/.rvm/gems/ruby-1.9.3-p0@lighthouse/gems/sinatra-1.3.2/lib/sinatra/base.rb:783:in `each'
/Users/eben/.rvm/gems/ruby-1.9.3-p0@lighthouse/gems/sinatra-1.3.2/lib/sinatra/base.rb:783:in `route!'
/Users/eben/.rvm/gems/ruby-1.9.3-p0@lighthouse/gems/sinatra-1.3.2/lib/sinatra/base.rb:886:in `dispatch!'
/Users/eben/.rvm/gems/ruby-1.9.3-p0@lighthouse/gems/sinatra-1.3.2/lib/sinatra/base.rb:719:in `block in call!'
/Users/eben/.rvm/gems/ruby-1.9.3-p0@lighthouse/gems/sinatra-1.3.2/lib/sinatra/base.rb:871:in `block in invoke'
/Users/eben/.rvm/gems/ruby-1.9.3-p0@lighthouse/gems/sinatra-1.3.2/lib/sinatra/base.rb:871:in `catch'
/Users/eben/.rvm/gems/ruby-1.9.3-p0@lighthouse/gems/sinatra-1.3.2/lib/sinatra/base.rb:871:in `invoke'
/Users/eben/.rvm/gems/ruby-1.9.3-p0@lighthouse/gems/sinatra-1.3.2/lib/sinatra/base.rb:719:in `call!'
/Users/eben/.rvm/gems/ruby-1.9.3-p0@lighthouse/gems/sinatra-1.3.2/lib/sinatra/base.rb:705:in `call'
/Users/eben/.rvm/gems/ruby-1.9.3-p0@lighthouse/gems/rack-protection-1.2.0/lib/rack/protection/xss_header.rb:22:in `call'
/Users/eben/.rvm/gems/ruby-1.9.3-p0@lighthouse/gems/rack-protection-1.2.0/lib/rack/protection/path_traversal.rb:16:in `call'
/Users/eben/.rvm/gems/ruby-1.9.3-p0@lighthouse/gems/rack-protection-1.2.0/lib/rack/protection/json_csrf.rb:17:in `call'
/Users/eben/.rvm/gems/ruby-1.9.3-p0@lighthouse/gems/rack-protection-1.2.0/lib/rack/protection/base.rb:47:in `call'
/Users/eben/.rvm/gems/ruby-1.9.3-p0@lighthouse/gems/rack-protection-1.2.0/lib/rack/protection/xss_header.rb:22:in `call'
/Users/eben/.rvm/gems/ruby-1.9.3-p0@lighthouse/gems/rack-1.4.1/lib/rack/logger.rb:15:in `call'
/Users/eben/.rvm/gems/ruby-1.9.3-p0@lighthouse/gems/rack-1.4.1/lib/rack/head.rb:9:in `call'
/Users/eben/.rvm/gems/ruby-1.9.3-p0@lighthouse/gems/sinatra-1.3.2/lib/sinatra/showexceptions.rb:21:in `call'
/Users/eben/.rvm/gems/ruby-1.9.3-p0@lighthouse/gems/sinatra-1.3.2/lib/sinatra/base.rb:1334:in `block in call'
/Users/eben/.rvm/gems/ruby-1.9.3-p0@lighthouse/gems/sinatra-1.3.2/lib/sinatra/base.rb:1416:in `synchronize'
/Users/eben/.rvm/gems/ruby-1.9.3-p0@lighthouse/gems/sinatra-1.3.2/lib/sinatra/base.rb:1334:in `call'
/Users/eben/.rvm/gems/ruby-1.9.3-p0@lighthouse/gems/rack-1.4.1/lib/rack/lint.rb:48:in `_call'
/Users/eben/.rvm/gems/ruby-1.9.3-p0@lighthouse/gems/rack-1.4.1/lib/rack/lint.rb:36:in `call'
/Users/eben/.rvm/gems/ruby-1.9.3-p0@lighthouse/gems/rack-1.4.1/lib/rack/showexceptions.rb:24:in `call'
/Users/eben/.rvm/gems/ruby-1.9.3-p0@lighthouse/gems/rack-1.4.1/lib/rack/commonlogger.rb:20:in `call'
/Users/eben/.rvm/gems/ruby-1.9.3-p0@lighthouse/gems/shotgun-0.9/lib/shotgun/loader.rb:86:in `proceed_as_child'
/Users/eben/.rvm/gems/ruby-1.9.3-p0@lighthouse/gems/shotgun-0.9/lib/shotgun/loader.rb:31:in `call!'
/Users/eben/.rvm/gems/ruby-1.9.3-p0@lighthouse/gems/shotgun-0.9/lib/shotgun/loader.rb:18:in `call'
/Users/eben/.rvm/gems/ruby-1.9.3-p0@lighthouse/gems/shotgun-0.9/lib/shotgun/favicon.rb:12:in `call'
/Users/eben/.rvm/gems/ruby-1.9.3-p0@lighthouse/gems/shotgun-0.9/lib/shotgun/static.rb:14:in `call'
/Users/eben/.rvm/gems/ruby-1.9.3-p0@lighthouse/gems/rack-1.4.1/lib/rack/builder.rb:134:in `call'
/Users/eben/.rvm/gems/ruby-1.9.3-p0@lighthouse/gems/rack-1.4.1/lib/rack/handler/webrick.rb:59:in `service'
/Users/eben/.rvm/rubies/ruby-1.9.3-p0/lib/ruby/1.9.1/webrick/httpserver.rb:138:in `service'
/Users/eben/.rvm/rubies/ruby-1.9.3-p0/lib/ruby/1.9.1/webrick/httpserver.rb:94:in `run'
/Users/eben/.rvm/rubies/ruby-1.9.3-p0/lib/ruby/1.9.1/webrick/server.rb:191:in `block in start_thread'
==== /backtrace ====
I, [2012-11-20T14:44:13.580134 #47764]  INFO -- : []
I, [2012-11-20T14:44:59.836004 #47869]  INFO -- : {:PATH_INFO=>"/tracker/5346", :QUERY_STRING=>"", :REMOTE_HOST=>"localhost", :REQUEST_URI=>"http://localhost:9393/tracker/5346", :HTTP_USER_AGENT=>"Mozilla/5.0 (Macintosh; Intel Mac OS X 10_7_4) AppleWebKit/537.11 (KHTML, like Gecko) Chrome/23.0.1271.64 Safari/537.11", :PARAMS=>{}}
I, [2012-11-20T14:45:01.503343 #47869]  INFO -- : get worksheet data - Try at: 2012-11-20 14:45:01 -0500 : 1
I, [2012-11-20T14:45:03.941168 #47869]  INFO -- : post feeds list - Try at: 2012-11-20 14:45:03 -0500 : 1
I, [2012-11-20T14:45:04.076550 #47869]  INFO -- : Status: 200
I, [2012-11-20T14:45:04.076748 #47869]  INFO -- : []
I, [2012-11-20T14:47:45.547038 #47935]  INFO -- : {:PATH_INFO=>"/tracker/5346", :QUERY_STRING=>"", :REMOTE_HOST=>"localhost", :REQUEST_URI=>"http://localhost:9393/tracker/5346", :HTTP_USER_AGENT=>"Mozilla/5.0 (Macintosh; Intel Mac OS X 10_7_4) AppleWebKit/537.11 (KHTML, like Gecko) Chrome/23.0.1271.64 Safari/537.11", :PARAMS=>{}}
I, [2012-11-20T14:47:46.799435 #47935]  INFO -- : get worksheet data - Try at: 2012-11-20 14:47:46 -0500 : 1
I, [2012-11-20T14:47:50.008119 #47935]  INFO -- : post feeds list - Try at: 2012-11-20 14:47:50 -0500 : 1
I, [2012-11-20T14:47:50.184762 #47935]  INFO -- : Status: 200
I, [2012-11-20T14:47:50.184972 #47935]  INFO -- : []
I, [2012-11-20T14:48:10.633943 #47950]  INFO -- : {:PATH_INFO=>"/", :QUERY_STRING=>"state=open&tagged=biz&responsible=", :REMOTE_HOST=>"localhost", :REQUEST_URI=>"http://localhost:9393/?state=open&tagged=biz&responsible=", :HTTP_USER_AGENT=>"Mozilla/5.0 (Macintosh; Intel Mac OS X 10_7_4) AppleWebKit/537.11 (KHTML, like Gecko) Chrome/23.0.1271.64 Safari/537.11", :PARAMS=>{"state"=>"open", "tagged"=>"biz", "responsible"=>""}}
I, [2012-11-20T14:48:10.806532 #47950]  INFO -- : Status: 200
I, [2012-11-20T14:48:10.806729 #47950]  INFO -- : []
I, [2012-11-20T14:48:11.559300 #47957]  INFO -- : {:PATH_INFO=>"/tickets.json/open/biz/", :QUERY_STRING=>"", :REMOTE_HOST=>"localhost", :REQUEST_URI=>"http://localhost:9393/tickets.json/open/biz/", :HTTP_USER_AGENT=>"Mozilla/5.0 (Macintosh; Intel Mac OS X 10_7_4) AppleWebKit/537.11 (KHTML, like Gecko) Chrome/23.0.1271.64 Safari/537.11", :PARAMS=>{}}
I, [2012-11-20T14:48:12.099615 #47957]  INFO -- : Status: 200
I, [2012-11-20T14:48:12.099847 #47957]  INFO -- : []
I, [2012-11-20T14:48:16.036750 #47962]  INFO -- : {:PATH_INFO=>"/tracker/5346", :QUERY_STRING=>"", :REMOTE_HOST=>"localhost", :REQUEST_URI=>"http://localhost:9393/tracker/5346", :HTTP_USER_AGENT=>"Mozilla/5.0 (Macintosh; Intel Mac OS X 10_7_4) AppleWebKit/537.11 (KHTML, like Gecko) Chrome/23.0.1271.64 Safari/537.11", :PARAMS=>{}}
I, [2012-11-20T14:48:17.831035 #47962]  INFO -- : get worksheet data - Try at: 2012-11-20 14:48:17 -0500 : 1
I, [2012-11-20T14:48:24.580667 #47962]  INFO -- : post feeds list - Try at: 2012-11-20 14:48:24 -0500 : 1
I, [2012-11-20T14:48:24.744672 #47962]  INFO -- : Status: 200
I, [2012-11-20T14:48:24.744855 #47962]  INFO -- : []
